<?xml version="1.0" encoding="UTF-8"?>
<coverage generated="1674499531210" clover="3.2.0">
  <project timestamp="1674499531210" name="All files">
    <metrics statements="11" coveredstatements="4" conditionals="4" coveredconditionals="1" methods="2" coveredmethods="1" elements="17" coveredelements="6" complexity="0" loc="11" ncloc="11" packages="1" files="2" classes="2"/>
    <file name="checkRandomNumber.js" path="/Users/danicaro/Desktop/test-2.0/FSPT2022/JHM/test2/tests/code/checkRandomNumber.js">
      <metrics statements="8" coveredstatements="4" conditionals="4" coveredconditionals="1" methods="1" coveredmethods="1"/>
      <line num="4" count="2" type="stmt"/>
      <line num="5" count="2" type="cond" truecount="1" falsecount="1"/>
      <line num="6" count="2" type="stmt"/>
      <line num="11" count="2" type="stmt"/>
      <line num="12" count="0" type="cond" truecount="0" falsecount="2"/>
      <line num="13" count="0" type="stmt"/>
      <line num="18" count="0" type="stmt"/>
      <line num="21" count="0" type="stmt"/>
    </file>
    <file name="getRandomNumber.js" path="/Users/danicaro/Desktop/test-2.0/FSPT2022/JHM/test2/tests/code/getRandomNumber.js">
      <metrics statements="3" coveredstatements="0" conditionals="0" coveredconditionals="0" methods="1" coveredmethods="0"/>
      <line num="2" count="0" type="stmt"/>
      <line num="3" count="0" type="stmt"/>
      <line num="4" count="0" type="stmt"/>
    </file>
  </project>
</coverage>
