{"/Users/danicaro/Desktop/test-2.0/FSPT2022/JHM/test2/tests/code/checkRandomNumber.js": {"path":"/Users/danicaro/Desktop/test-2.0/FSPT2022/JHM/test2/tests/code/checkRandomNumber.js","statementMap":{"0":{"start":{"line":4,"column":17},"end":{"line":4,"column":51}},"1":{"start":{"line":5,"column":2},"end":{"line":19,"column":3}},"2":{"start":{"line":6,"column":20},"end":{"line":9,"column":5}},"3":{"start":{"line":11,"column":4},"end":{"line":11,"column":45}},"4":{"start":{"line":12,"column":9},"end":{"line":19,"column":3}},"5":{"start":{"line":13,"column":20},"end":{"line":16,"column":5}},"6":{"start":{"line":18,"column":4},"end":{"line":18,"column":45}},"7":{"start":{"line":21,"column":2},"end":{"line":21,"column":16}}},"fnMap":{"0":{"name":"checkRandomNumber","decl":{"start":{"line":3,"column":15},"end":{"line":3,"column":32}},"loc":{"start":{"line":3,"column":35},"end":{"line":22,"column":1}},"line":3}},"branchMap":{"0":{"loc":{"start":{"line":5,"column":2},"end":{"line":19,"column":3}},"type":"if","locations":[{"start":{"line":5,"column":2},"end":{"line":19,"column":3}},{"start":{"line":12,"column":9},"end":{"line":19,"column":3}}],"line":5},"1":{"loc":{"start":{"line":12,"column":9},"end":{"line":19,"column":3}},"type":"if","locations":[{"start":{"line":12,"column":9},"end":{"line":19,"column":3}},{"start":{},"end":{}}],"line":12}},"s":{"0":2,"1":2,"2":2,"3":2,"4":0,"5":0,"6":0,"7":0},"f":{"0":2},"b":{"0":[2,0],"1":[0,0]},"_coverageSchema":"1a1c01bbd47fc00a2c39e90264f33305004495a9","hash":"79a2d0cc7ce114f382e097cd37e30583d4b3dd04"}
,"/Users/danicaro/Desktop/test-2.0/FSPT2022/JHM/test2/tests/code/getRandomNumber.js": {"path":"/Users/danicaro/Desktop/test-2.0/FSPT2022/JHM/test2/tests/code/getRandomNumber.js","statementMap":{"0":{"start":{"line":2,"column":27},"end":{"line":2,"column":28}},"1":{"start":{"line":3,"column":27},"end":{"line":3,"column":29}},"2":{"start":{"line":4,"column":2},"end":{"line":4,"column":94}}},"fnMap":{"0":{"name":"getRandomNumber","decl":{"start":{"line":1,"column":15},"end":{"line":1,"column":30}},"loc":{"start":{"line":1,"column":33},"end":{"line":6,"column":1}},"line":1}},"branchMap":{},"s":{"0":0,"1":0,"2":0},"f":{"0":0},"b":{},"_coverageSchema":"1a1c01bbd47fc00a2c39e90264f33305004495a9","hash":"3430c9431a19a459869e78755339e23af4eb121d"}
}
